activation_8 -1
(1, 256, 256, 3)
[1. 1. 1.]
[-0.33702442 -0.5285446  -0.5141523 ]
********************
conv2d_16 -2
(1, 256, 256, 3)
[146.85509 142.00621 181.0358 ]
[-0.35073185 -0.5881234  -0.5683578 ]
********************
up_sampling2d_8 -3
(1, 256, 256, 320)
[58.865795 56.558605 56.558525 56.873478 52.61788  55.56882  52.648647
 42.40449  56.21931  54.669277  0.       56.01478  44.813187 51.384888
 51.14664  56.186962 40.857365 54.86107  75.47168  60.542343 55.60997
 38.621876 60.72494  57.31822  56.28294  61.6905    0.       59.528984
  0.       54.187313]
[0.00000000e+00 0.00000000e+00 3.04399431e-03 0.00000000e+00
 1.57916307e-01 1.26281053e-01 7.83419237e-02 2.29879599e-02
 4.22132760e-03 1.20588996e-01 8.61013979e-02 0.00000000e+00
 9.57813933e-02 0.00000000e+00 2.74907500e-02 0.00000000e+00
 1.81593999e-01 7.79955238e-02 0.00000000e+00 0.00000000e+00
 0.00000000e+00 1.29340962e-01 0.00000000e+00 0.00000000e+00
 4.17744741e-05 0.00000000e+00 3.08514498e-02 0.00000000e+00
 7.21119940e-02 6.29206747e-02]
********************
activation_7 -4
(1, 128, 128, 320)
[58.865795 56.558605 56.558525 56.873478 52.61788  55.56882  52.648647
 42.40449  56.21931  54.669277  0.       56.01478  44.813187 51.384888
 51.14664  56.186962 40.857365 54.86107  75.47168  60.542343 55.60997
 38.621876 60.72494  57.31822  56.28294  61.6905    0.       59.528984
  0.       54.187313]
[0.00000000e+00 0.00000000e+00 3.04399431e-03 0.00000000e+00
 1.57916307e-01 1.26281053e-01 7.83419237e-02 2.29879599e-02
 4.22132760e-03 1.20588996e-01 8.61013979e-02 0.00000000e+00
 9.57813933e-02 0.00000000e+00 2.74907500e-02 0.00000000e+00
 1.81593999e-01 7.79955238e-02 0.00000000e+00 0.00000000e+00
 0.00000000e+00 1.29340962e-01 0.00000000e+00 0.00000000e+00
 4.17744741e-05 0.00000000e+00 3.08514498e-02 0.00000000e+00
 7.21119940e-02 6.29206747e-02]
********************
concatenate_7 -5
(1, 128, 128, 320)
[ 58.865795  56.558605  56.558525  56.873478  52.61788   55.56882
  52.648647  42.40449   56.21931   54.669277 -38.57387   56.01478
  44.813187  51.384888  51.14664   56.186962  40.857365  54.86107
  75.47168   60.542343  55.60997   38.621876  60.72494   57.31822
  56.28294   61.6905   -44.392044  59.528984 -37.088142  54.187313]
[-6.29324913e-02 -2.55467482e-02  3.04399431e-03 -2.17886437e-02
  1.57916307e-01  1.26281053e-01  7.83419237e-02  2.29879599e-02
  4.22132760e-03  1.20588996e-01  8.61013979e-02 -3.33498605e-02
  9.57813933e-02 -5.25938869e-02  2.74907500e-02 -2.26033619e-04
  1.81593999e-01  7.79955238e-02 -4.79867421e-02 -3.32313180e-02
 -2.31676064e-02  1.29340962e-01 -1.65211409e-03 -4.01740074e-02
  4.17744741e-05 -8.24658498e-02  3.08514498e-02 -6.59060339e-03
  7.21119940e-02  6.29206747e-02]
********************
dropout_7 -6
(1, 128, 128, 256)
[ 58.865795  56.558605  56.558525  56.873478  52.61788   55.56882
  52.648647  42.40449   56.21931   54.669277 -38.57387   56.01478
  44.813187  51.384888  51.14664   56.186962  40.857365  54.86107
  75.47168   60.542343  55.60997   38.621876  60.72494   57.31822
  56.28294   61.6905   -44.392044  59.528984 -37.088142  54.187313]
[-6.29324913e-02 -2.55467482e-02  3.04399431e-03 -2.17886437e-02
  1.57916307e-01  1.26281053e-01  7.83419237e-02  2.29879599e-02
  4.22132760e-03  1.20588996e-01  8.61013979e-02 -3.33498605e-02
  9.57813933e-02 -5.25938869e-02  2.74907500e-02 -2.26033619e-04
  1.81593999e-01  7.79955238e-02 -4.79867421e-02 -3.32313180e-02
 -2.31676064e-02  1.29340962e-01 -1.65211409e-03 -4.01740074e-02
  4.17744741e-05 -8.24658498e-02  3.08514498e-02 -6.59060339e-03
  7.21119940e-02  6.29206747e-02]
********************
gen_de_bn_7 -7
(1, 128, 128, 256)
[ 58.865795  56.558605  56.558525  56.873478  52.61788   55.56882
  52.648647  42.40449   56.21931   54.669277 -38.57387   56.01478
  44.813187  51.384888  51.14664   56.186962  40.857365  54.86107
  75.47168   60.542343  55.60997   38.621876  60.72494   57.31822
  56.28294   61.6905   -44.392044  59.528984 -37.088142  54.187313]
[-6.29324913e-02 -2.55467482e-02  3.04399431e-03 -2.17886437e-02
  1.57916307e-01  1.26281053e-01  7.83419237e-02  2.29879599e-02
  4.22132760e-03  1.20588996e-01  8.61013979e-02 -3.33498605e-02
  9.57813933e-02 -5.25938869e-02  2.74907500e-02 -2.26033619e-04
  1.81593999e-01  7.79955238e-02 -4.79867421e-02 -3.32313180e-02
 -2.31676064e-02  1.29340962e-01 -1.65211409e-03 -4.01740074e-02
  4.17744741e-05 -8.24658498e-02  3.08514498e-02 -6.59060339e-03
  7.21119940e-02  6.29206747e-02]
********************
conv2d_15 -8
(1, 128, 128, 256)
[1080.2261   997.5209   832.38116  730.30927  871.715    826.0239
  695.1037   604.2529   996.6699   620.37573 -931.41003 1087.0466
  779.8231   939.9924   752.1121  1205.0956   456.72025  957.5276
  839.8519  1136.8173   821.1201   280.74542 1200.4918  1008.9201
 1119.0797   985.51227 -711.0751   772.30554 -925.87244  945.52783]
[ 0.67685723 -0.6821406   0.6557831   0.19670549  1.4516536   1.8159289
  0.71080786 -0.39499408 -0.7457241   0.86320645  0.7122649  -0.11059516
  1.4860871  -0.6552298   0.07574839  0.05403947  1.965021    0.89640576
 -0.08388426  0.22575247  0.3863285   1.1414605  -0.36867097  0.0729329
 -0.19128224  0.09624468 -0.385849   -0.02066531  0.46680483  0.7984881 ]
********************
up_sampling2d_7 -9
(1, 128, 128, 576)
[ 0.       45.654682 50.12455  37.980217 43.632683 48.063656 39.446205
 28.805708 38.86473  42.522972 52.33999  28.395134 45.41755  51.60381
  0.       44.993023 53.991554  0.       44.16024  44.739132  0.
 46.6144   44.210167 60.06916  48.805912 68.80058   0.       41.73993
 44.889397  0.      ]
[0.05704308 0.0242051  0.07564583 0.15536825 0.02948502 0.13116623
 0.20264883 0.41249043 0.         0.01707457 0.         0.1833435
 0.01956467 0.         0.33577788 0.         0.33059746 0.1415413
 0.08284199 0.13998166 0.16622575 0.10368999 0.05587536 0.24935074
 0.         0.22515285 0.34371114 0.4153369  0.         0.42561948]
********************
activation_6 -10
(1, 64, 64, 576)
[ 0.       45.654682 50.12455  37.980217 43.632683 48.063656 39.446205
 28.805708 38.86473  42.522972 52.33999  28.395134 45.41755  51.60381
  0.       44.993023 53.991554  0.       44.16024  44.739132  0.
 46.6144   44.210167 60.06916  48.805912 68.80058   0.       41.73993
 44.889397  0.      ]
[0.05704308 0.0242051  0.07564583 0.15536825 0.02948502 0.13116623
 0.20264883 0.41249043 0.         0.01707457 0.         0.1833435
 0.01956467 0.         0.33577788 0.         0.33059746 0.1415413
 0.08284199 0.13998166 0.16622575 0.10368999 0.05587536 0.24935074
 0.         0.22515285 0.34371114 0.4153369  0.         0.42561948]
********************
concatenate_6 -11
(1, 64, 64, 576)
[-32.709892  45.654682  50.12455   37.980217  43.632683  48.063656
  39.446205  28.805708  38.86473   42.522972  52.33999   28.395134
  45.41755   51.60381  -61.902138  44.993023  53.991554 -32.447273
  44.16024   44.739132 -26.91491   46.6144    44.210167  60.06916
  48.805912  68.80058  -44.530678  41.73993   44.889397 -38.520485]
[ 0.05704308  0.0242051   0.07564583  0.15536825  0.02948502  0.13116623
  0.20264883  0.41249043 -0.00096005  0.01707457 -0.12283897  0.1833435
  0.01956467 -0.17533772  0.33577788 -0.04879855  0.33059746  0.1415413
  0.08284199  0.13998166  0.16622575  0.10368999  0.05587536  0.24935074
 -0.11448443  0.22515285  0.34371114  0.4153369  -0.08465703  0.42561948]
********************
dropout_6 -12
(1, 64, 64, 512)
[-32.709892  45.654682  50.12455   37.980217  43.632683  48.063656
  39.446205  28.805708  38.86473   42.522972  52.33999   28.395134
  45.41755   51.60381  -61.902138  44.993023  53.991554 -32.447273
  44.16024   44.739132 -26.91491   46.6144    44.210167  60.06916
  48.805912  68.80058  -44.530678  41.73993   44.889397 -38.520485]
[ 0.05704308  0.0242051   0.07564583  0.15536825  0.02948502  0.13116623
  0.20264883  0.41249043 -0.00096005  0.01707457 -0.12283897  0.1833435
  0.01956467 -0.17533772  0.33577788 -0.04879855  0.33059746  0.1415413
  0.08284199  0.13998166  0.16622575  0.10368999  0.05587536  0.24935074
 -0.11448443  0.22515285  0.34371114  0.4153369  -0.08465703  0.42561948]
********************
gen_de_bn_6 -13
(1, 64, 64, 512)
[-32.709892  45.654682  50.12455   37.980217  43.632683  48.063656
  39.446205  28.805708  38.86473   42.522972  52.33999   28.395134
  45.41755   51.60381  -61.902138  44.993023  53.991554 -32.447273
  44.16024   44.739132 -26.91491   46.6144    44.210167  60.06916
  48.805912  68.80058  -44.530678  41.73993   44.889397 -38.520485]
[ 0.05704308  0.0242051   0.07564583  0.15536825  0.02948502  0.13116623
  0.20264883  0.41249043 -0.00096005  0.01707457 -0.12283897  0.1833435
  0.01956467 -0.17533772  0.33577788 -0.04879855  0.33059746  0.1415413
  0.08284199  0.13998166  0.16622575  0.10368999  0.05587536  0.24935074
 -0.11448443  0.22515285  0.34371114  0.4153369  -0.08465703  0.42561948]
********************
conv2d_14 -14
(1, 64, 64, 512)
[-828.5892   686.43445  292.4032   313.50208  683.995    777.99207
  576.24005  339.41263  285.92078  949.85297  687.86523  210.40544
  753.45013  937.7835  -491.09647  585.13513  432.1327  -782.46985
  478.04868  557.947   -269.06985  544.71295  536.3077   258.86203
  761.2493   358.69257 -501.21286  434.40372  975.3654  -485.75955]
[-1.1533973  -0.6873244  -1.5982317  -1.0787809  -1.7992356  -0.06226249
  0.22901665  0.50239426 -0.132307   -1.5870475  -0.77806765 -0.59421456
 -1.9158307  -0.35981092 -1.3478061  -0.43016508 -0.01044022 -2.6821742
 -1.8696823   0.18666786 -0.8041161   0.64163977  0.74112755 -0.49265346
 -1.7179691  -0.33166382 -0.7124646   1.0008119   0.85474813  1.1858355 ]
********************
up_sampling2d_6 -15
(1, 64, 64, 1280)
[32.288967   7.7002172  0.        31.587318  14.695411   0.
  0.        31.643972  29.257423   0.         0.        23.38627
  9.390355   0.        21.249004  35.03411    2.5937788 15.222948
 23.927158  29.409185  17.889826  27.5426    29.33586    0.
 31.183134  32.014996  26.036259   0.        22.811897  18.319975 ]
[0.         0.37852538 0.28326568 0.         0.29034102 0.4463485
 0.13179755 0.18929207 0.         0.40034565 0.63828623 0.
 0.         0.18224487 0.3578578  0.0197097  0.286016   0.19118616
 0.1260263  0.07665507 0.         0.         0.         0.17808333
 0.         0.1632621  0.         0.24252833 0.10712654 0.        ]
********************
activation_5 -16
(1, 32, 32, 1280)
[32.288967   7.7002172  0.        31.587318  14.695411   0.
  0.        31.643972  29.257423   0.         0.        23.38627
  9.390355   0.        21.249004  35.03411    2.5937788 15.222948
 23.927158  29.409185  17.889826  27.5426    29.33586    0.
 31.183134  32.014996  26.036259   0.        22.811897  18.319975 ]
[0.         0.37852538 0.28326568 0.         0.29034102 0.4463485
 0.13179755 0.18929207 0.         0.40034565 0.63828623 0.
 0.         0.18224487 0.3578578  0.0197097  0.286016   0.19118616
 0.1260263  0.07665507 0.         0.         0.         0.17808333
 0.         0.1632621  0.         0.24252833 0.10712654 0.        ]
********************
concatenate_5 -17
(1, 32, 32, 1280)
[ 32.288967    7.7002172 -16.371786   31.587318   14.695411   -3.9541252
 -19.580261   31.643972   29.257423  -13.447145  -15.135812   23.38627
   9.390355   -5.333524   21.249004   35.03411     2.5937788  15.222948
  23.927158   29.409185   17.889826   27.5426     29.33586   -10.824119
  31.183134   32.014996   26.036259  -14.43781    22.811897   18.319975 ]
[-0.12972984  0.37852538  0.28326568 -0.07116836  0.29034102  0.4463485
  0.13179755  0.18929207 -0.11646008  0.40034565  0.63828623 -0.11791167
 -0.48558685  0.18224487  0.3578578   0.0197097   0.286016    0.19118616
  0.1260263   0.07665507 -0.01118091 -0.11474121 -0.08272097  0.17808333
 -0.18185838  0.1632621  -0.00166273  0.24252833  0.10712654 -0.16868111]
********************
dropout_5 -18
(1, 32, 32, 1024)
[ 32.288967    7.7002172 -16.371786   31.587318   14.695411   -3.9541252
 -19.580261   31.643972   29.257423  -13.447145  -15.135812   23.38627
   9.390355   -5.333524   21.249004   35.03411     2.5937788  15.222948
  23.927158   29.409185   17.889826   27.5426     29.33586   -10.824119
  31.183134   32.014996   26.036259  -14.43781    22.811897   18.319975 ]
[-0.12972984  0.37852538  0.28326568 -0.07116836  0.29034102  0.4463485
  0.13179755  0.18929207 -0.11646008  0.40034565  0.63828623 -0.11791167
 -0.48558685  0.18224487  0.3578578   0.0197097   0.286016    0.19118616
  0.1260263   0.07665507 -0.01118091 -0.11474121 -0.08272097  0.17808333
 -0.18185838  0.1632621  -0.00166273  0.24252833  0.10712654 -0.16868111]
********************
gen_de_bn_5 -19
(1, 32, 32, 1024)
[ 32.288967    7.7002172 -16.371786   31.587318   14.695411   -3.9541252
 -19.580261   31.643972   29.257423  -13.447145  -15.135812   23.38627
   9.390355   -5.333524   21.249004   35.03411     2.5937788  15.222948
  23.927158   29.409185   17.889826   27.5426     29.33586   -10.824119
  31.183134   32.014996   26.036259  -14.43781    22.811897   18.319975 ]
[-0.12972984  0.37852538  0.28326568 -0.07116836  0.29034102  0.4463485
  0.13179755  0.18929207 -0.11646008  0.40034565  0.63828623 -0.11791167
 -0.48558685  0.18224487  0.3578578   0.0197097   0.286016    0.19118616
  0.1260263   0.07665507 -0.01118091 -0.11474121 -0.08272097  0.17808333
 -0.18185838  0.1632621  -0.00166273  0.24252833  0.10712654 -0.16868111]
********************
conv2d_13 -20
(1, 32, 32, 1024)
[ 359.3714     92.64395  -285.68127   329.82556    70.60427   -19.667994
  -42.977     297.30008   268.18604   -40.3452    -70.277374  414.5359
   44.38104   -17.297379   86.08624   391.87573    10.529589   72.019646
  111.14157    88.67994    53.934593  253.21844   279.8451   -294.33328
  390.29114   244.26642   163.99165  -348.7023    185.0671    209.85715 ]
[-1.475023    0.93810827  1.536221   -1.9438536  -0.79666716  2.0507798
 -0.26329544  1.1747614   2.01737     0.31799117 -1.7982869  -1.0040374
  1.1319907  -1.2481502  -0.66252613  1.4712688  -2.8782046  -0.24105021
 -1.8990792  -0.01806713 -0.8460589   0.13273585  2.123926   -2.2415376
  3.0453153  -0.63357073 -1.8297418  -1.6874875  -0.09326851  0.9109028 ]
********************
up_sampling2d_5 -21
(1, 32, 32, 1536)
[ 6.437898   9.049818  15.768212   7.978288  14.79463   14.804749
  0.         0.         9.60506    0.         0.        10.625406
 11.573238   9.438285  14.067256   0.        14.820629  12.578867
 12.217868  13.044381   0.         7.8668013 15.858605  17.236046
  0.         2.596065  14.586345   0.         5.4623933  1.3836508]
[0.11709078 0.03597888 0.0270173  0.4477951  0.25388345 0.
 0.         0.40565965 0.23214163 0.54390633 0.20817602 0.09945361
 0.03412262 0.44895425 0.13228437 0.2331188  0.         0.16421893
 0.         0.11248612 0.3098591  0.1302541  0.04037471 0.3563503
 0.23827147 0.35092765 0.         0.20907018 0.4111818  0.23230489]
********************
activation_4 -22
(1, 16, 16, 1536)
[ 6.437898   9.049818  15.768212   7.978288  14.79463   14.804749
  0.         0.         9.60506    0.         0.        10.625406
 11.573238   9.438285  14.067256   0.        14.820629  12.578867
 12.217868  13.044381   0.         7.8668013 15.858605  17.236046
  0.         2.596065  14.586345   0.         5.4623933  1.3836508]
[0.11709078 0.03597888 0.0270173  0.4477951  0.25388345 0.
 0.         0.40565965 0.23214163 0.54390633 0.20817602 0.09945361
 0.03412262 0.44895425 0.13228437 0.2331188  0.         0.16421893
 0.         0.11248612 0.3098591  0.1302541  0.04037471 0.3563503
 0.23827147 0.35092765 0.         0.20907018 0.4111818  0.23230489]
********************
concatenate_4 -23
(1, 16, 16, 1536)
[  6.437898    9.049818   15.768212    7.978288   14.79463    14.804749
  -7.0992117  -8.895426    9.60506   -14.771438  -16.942495   10.625406
  11.573238    9.438285   14.067256   -8.778117   14.820629   12.578867
  12.217868   13.044381   -8.0268      7.8668013  15.858605   17.236046
 -13.914756    2.596065   14.586345  -10.393706    5.4623933   1.3836508]
[ 0.11709078  0.03597888  0.0270173   0.4477951   0.25388345 -0.07032555
 -0.01788397  0.40565965  0.23214163  0.54390633  0.20817602  0.09945361
  0.03412262  0.44895425  0.13228437  0.2331188  -0.11100717  0.16421893
 -0.13365461  0.11248612  0.3098591   0.1302541   0.04037471  0.3563503
  0.23827147  0.35092765 -0.02923383  0.20907018  0.4111818   0.23230489]
********************
dropout_4 -24
(1, 16, 16, 1024)
[  6.437898    9.049818   15.768212    7.978288   14.79463    14.804749
  -7.0992117  -8.895426    9.60506   -14.771438  -16.942495   10.625406
  11.573238    9.438285   14.067256   -8.778117   14.820629   12.578867
  12.217868   13.044381   -8.0268      7.8668013  15.858605   17.236046
 -13.914756    2.596065   14.586345  -10.393706    5.4623933   1.3836508]
[ 0.11709078  0.03597888  0.0270173   0.4477951   0.25388345 -0.07032555
 -0.01788397  0.40565965  0.23214163  0.54390633  0.20817602  0.09945361
  0.03412262  0.44895425  0.13228437  0.2331188  -0.11100717  0.16421893
 -0.13365461  0.11248612  0.3098591   0.1302541   0.04037471  0.3563503
  0.23827147  0.35092765 -0.02923383  0.20907018  0.4111818   0.23230489]
********************
gen_de_bn_4 -25
(1, 16, 16, 1024)
[  6.437898    9.049818   15.768212    7.978288   14.79463    14.804749
  -7.0992117  -8.895426    9.60506   -14.771438  -16.942495   10.625406
  11.573238    9.438285   14.067256   -8.778117   14.820629   12.578867
  12.217868   13.044381   -8.0268      7.8668013  15.858605   17.236046
 -13.914756    2.596065   14.586345  -10.393706    5.4623933   1.3836508]
[ 0.11709078  0.03597888  0.0270173   0.4477951   0.25388345 -0.07032555
 -0.01788397  0.40565965  0.23214163  0.54390633  0.20817602  0.09945361
  0.03412262  0.44895425  0.13228437  0.2331188  -0.11100717  0.16421893
 -0.13365461  0.11248612  0.3098591   0.1302541   0.04037471  0.3563503
  0.23827147  0.35092765 -0.02923383  0.20907018  0.4111818   0.23230489]
********************
conv2d_12 -26
(1, 16, 16, 1024)
[  37.90312     66.56313    180.4789      45.55907    155.1756
  200.42393    -46.038883   -99.76944     62.861874  -147.8601
 -128.16156     91.90195     86.99024     33.365585    96.939156
 -106.41875    125.49342    150.28981    182.19861     98.11659
  -55.881184    52.777885   211.80917    140.35664    -96.26385
   11.540487   125.75238   -181.98515     25.314089     4.8720717]
[-1.2640815  -0.4455329  -0.05675264 -0.41284755 -0.4110766   0.665514
 -1.2028326  -1.2581601   0.37659192  1.4210541  -1.9114608  -1.1898576
 -1.9701474  -0.44664544  0.35806468 -1.7903299  -1.1974111  -1.9042608
 -0.20925552  0.6032968  -1.0348779  -1.1121362   0.15427518 -0.34499767
  0.08094456  0.53633904  0.11567429 -2.360498   -0.6838295  -1.0869476 ]
********************
up_sampling2d_4 -27
(1, 16, 16, 1536)
[7.701767   7.0661182  6.6567554  7.4869204  7.6058373  5.978866
 7.3455806  0.         0.43524715 2.3823907  5.9358244  6.4746532
 5.3346615  2.9339297  1.4941552  0.         7.6206     2.315139
 5.1409917  2.8239036  6.150601   0.         8.926651   6.048514
 5.664284   9.046283   6.6142745  3.341698   6.2695746  2.9620595 ]
[0.         0.         0.         0.         0.         0.
 0.         0.         0.         0.         0.         0.
 0.         0.         0.35779446 0.         0.12219356 0.
 0.         0.         0.         1.29807    0.         0.7872777
 0.6045009  0.4183523  0.         0.         0.         0.49995103]
********************
activation_3 -28
(1, 8, 8, 1536)
[7.701767   7.0661182  6.6567554  7.4869204  7.6058373  5.978866
 7.3455806  0.         0.43524715 2.3823907  5.9358244  6.4746532
 5.3346615  2.9339297  1.4941552  0.         7.6206     2.315139
 5.1409917  2.8239036  6.150601   0.         8.926651   6.048514
 5.664284   9.046283   6.6142745  3.341698   6.2695746  2.9620595 ]
[0.         0.         0.         0.         0.         0.
 0.         0.         0.         0.         0.         0.
 0.         0.         0.35779446 0.         0.12219356 0.
 0.         0.         0.         1.29807    0.         0.7872777
 0.6045009  0.4183523  0.         0.         0.         0.49995103]
********************
concatenate_3 -29
(1, 8, 8, 1536)
[ 7.701767    7.0661182   6.6567554   7.4869204   7.6058373   5.978866
  7.3455806  -1.1860169   0.43524715  2.3823907   5.9358244   6.4746532
  5.3346615   2.9339297   1.4941552  -2.5882862   7.6206      2.315139
  5.1409917   2.8239036   6.150601   -2.424822    8.926651    6.048514
  5.664284    9.046283    6.6142745   3.341698    6.2695746   2.9620595 ]
[-4.4176763e-01 -1.0204806e+00 -3.0431610e-01 -3.4970164e-01
 -1.3479781e+00 -1.8682572e-01 -6.6135144e-01 -9.3858212e-01
 -8.1002653e-01 -1.5002815e+00 -9.4672632e-01 -7.9829913e-01
 -2.6275599e-01 -8.1176490e-01  3.5779446e-01 -1.1100695e+00
  1.2219356e-01 -7.1259761e-01 -1.1881485e+00 -1.2484193e-04
 -4.2573899e-01  1.2980700e+00 -3.8910672e-01  7.8727770e-01
  6.0450089e-01  4.1835231e-01 -1.7842842e+00 -1.8010857e+00
 -1.0697763e+00  4.9995103e-01]
********************
dropout_3 -30
(1, 8, 8, 1024)
[ 7.701767    7.0661182   6.6567554   7.4869204   7.6058373   5.978866
  7.3455806  -1.1860169   0.43524715  2.3823907   5.9358244   6.4746532
  5.3346615   2.9339297   1.4941552  -2.5882862   7.6206      2.315139
  5.1409917   2.8239036   6.150601   -2.424822    8.926651    6.048514
  5.664284    9.046283    6.6142745   3.341698    6.2695746   2.9620595 ]
[-4.4176763e-01 -1.0204806e+00 -3.0431610e-01 -3.4970164e-01
 -1.3479781e+00 -1.8682572e-01 -6.6135144e-01 -9.3858212e-01
 -8.1002653e-01 -1.5002815e+00 -9.4672632e-01 -7.9829913e-01
 -2.6275599e-01 -8.1176490e-01  3.5779446e-01 -1.1100695e+00
  1.2219356e-01 -7.1259761e-01 -1.1881485e+00 -1.2484193e-04
 -4.2573899e-01  1.2980700e+00 -3.8910672e-01  7.8727770e-01
  6.0450089e-01  4.1835231e-01 -1.7842842e+00 -1.8010857e+00
 -1.0697763e+00  4.9995103e-01]
********************
gen_de_bn_3 -31
(1, 8, 8, 1024)
[ 7.701767    7.0661182   6.6567554   7.4869204   7.6058373   5.978866
  7.3455806  -1.1860169   0.43524715  2.3823907   5.9358244   6.4746532
  5.3346615   2.9339297   1.4941552  -2.5882862   7.6206      2.315139
  5.1409917   2.8239036   6.150601   -2.424822    8.926651    6.048514
  5.664284    9.046283    6.6142745   3.341698    6.2695746   2.9620595 ]
[-4.4176763e-01 -1.0204806e+00 -3.0431610e-01 -3.4970164e-01
 -1.3479781e+00 -1.8682572e-01 -6.6135144e-01 -9.3858212e-01
 -8.1002653e-01 -1.5002815e+00 -9.4672632e-01 -7.9829913e-01
 -2.6275599e-01 -8.1176490e-01  3.5779446e-01 -1.1100695e+00
  1.2219356e-01 -7.1259761e-01 -1.1881485e+00 -1.2484193e-04
 -4.2573899e-01  1.2980700e+00 -3.8910672e-01  7.8727770e-01
  6.0450089e-01  4.1835231e-01 -1.7842842e+00 -1.8010857e+00
 -1.0697763e+00  4.9995103e-01]
********************
conv2d_11 -32
(1, 8, 8, 1024)
[ 94.2702    49.566837  52.72258   77.586876  59.794106  55.32445
  57.50577   -8.127309   2.00725   18.63618   53.04939   66.86699
  56.267696  26.446602   9.027538 -32.163425  65.59307   20.90668
  49.00834   24.288774  62.68892  -26.867418  79.08905   56.232647
  45.519733  78.71003   50.49804   30.747828  71.02499   22.917711]
[ -4.827579    -8.743666    -0.72427815  -1.1800278  -13.915594
  -4.0992813   -6.5271196   -6.6013165  -12.401165   -12.206479
 -11.885041    -8.246371    -2.9437194   -5.503439     1.8565876
 -18.694708    -0.9043883   -9.52868    -10.847348    -2.6596744
  -1.933625     6.3007784   -1.3063939    8.776145     6.0039535
   2.755291   -14.910845   -20.465885   -12.527055     3.5065556 ]
********************
up_sampling2d_3 -33
(1, 8, 8, 1536)
[ 1.7432103  0.         0.         0.         0.         0.
  0.        18.858576   0.         0.         9.781239   5.861328
  0.         0.         8.645013   0.         1.4742115  1.6659278
  3.711652   9.660278   3.323416   1.6200522 18.487148   6.919282
  0.         0.         1.5029557  0.         0.         0.       ]
[0.         0.         4.388127   3.096215   0.         0.
 0.         5.4238505  0.         0.         7.5938616  0.
 0.         4.079952   0.32262143 3.9911423  0.         0.
 1.5505707  0.         0.42208055 2.1922607  2.5109563  0.
 0.         6.620582   0.         2.7584956  1.7349739  8.205967  ]
********************
activation_2 -34
(1, 4, 4, 1536)
[ 1.7432103  0.         0.         0.         0.         0.
  0.        18.858576   0.         0.         9.781239   5.861328
  0.         0.         8.645013   0.         1.4742115  1.6659278
  3.711652   9.660278   3.323416   1.6200522 18.487148   6.919282
  0.         0.         1.5029557  0.         0.         0.       ]
[0.         0.         4.388127   3.096215   0.         0.
 0.         5.4238505  0.         0.         7.5938616  0.
 0.         4.079952   0.32262143 3.9911423  0.         0.
 1.5505707  0.         0.42208055 2.1922607  2.5109563  0.
 0.         6.620582   0.         2.7584956  1.7349739  8.205967  ]
********************
concatenate_2 -35
(1, 4, 4, 1536)
[  1.7432103   -2.7530756  -10.0873575   -3.8576796  -15.86794
  -3.5276496   -3.3110886   18.858576    -6.7522073  -12.181075
   9.781239     5.861328    -2.045751    -5.325372     8.645013
  -2.510941     1.4742115    1.6659278    3.711652     9.660278
   3.323416     1.6200522   18.487148     6.919282   -10.664169
  -2.9414043    1.5029557   -0.84799254  -3.2171588   -1.1695249 ]
[-4.156433   -8.148147    4.388127    3.096215   -1.0120772  -2.255388
 -4.7594256   5.4238505  -0.16649966 -1.8721935   7.5938616  -2.2746887
 -0.06198097  4.079952    0.32262143  3.9911423  -1.6408069  -1.3292595
  1.5505707  -2.427157    0.42208055  2.1922607   2.5109563  -0.31549418
 -0.68249714  6.620582   -3.5791862   2.7584956   1.7349739   8.205967  ]
********************
dropout_2 -36
(1, 4, 4, 1024)
[  1.7432103   -2.7530756  -10.0873575   -3.8576796  -15.86794
  -3.5276496   -3.3110886   18.858576    -6.7522073  -12.181075
   9.781239     5.861328    -2.045751    -5.325372     8.645013
  -2.510941     1.4742115    1.6659278    3.711652     9.660278
   3.323416     1.6200522   18.487148     6.919282   -10.664169
  -2.9414043    1.5029557   -0.84799254  -3.2171588   -1.1695249 ]
[-4.156433   -8.148147    4.388127    3.096215   -1.0120772  -2.255388
 -4.7594256   5.4238505  -0.16649966 -1.8721935   7.5938616  -2.2746887
 -0.06198097  4.079952    0.32262143  3.9911423  -1.6408069  -1.3292595
  1.5505707  -2.427157    0.42208055  2.1922607   2.5109563  -0.31549418
 -0.68249714  6.620582   -3.5791862   2.7584956   1.7349739   8.205967  ]
********************
gen_de_bn_2 -37
(1, 4, 4, 1024)
[  1.7432103   -2.7530756  -10.0873575   -3.8576796  -15.86794
  -3.5276496   -3.3110886   18.858576    -6.7522073  -12.181075
   9.781239     5.861328    -2.045751    -5.325372     8.645013
  -2.510941     1.4742115    1.6659278    3.711652     9.660278
   3.323416     1.6200522   18.487148     6.919282   -10.664169
  -2.9414043    1.5029557   -0.84799254  -3.2171588   -1.1695249 ]
[-4.156433   -8.148147    4.388127    3.096215   -1.0120772  -2.255388
 -4.7594256   5.4238505  -0.16649966 -1.8721935   7.5938616  -2.2746887
 -0.06198097  4.079952    0.32262143  3.9911423  -1.6408069  -1.3292595
  1.5505707  -2.427157    0.42208055  2.1922607   2.5109563  -0.31549418
 -0.68249714  6.620582   -3.5791862   2.7584956   1.7349739   8.205967  ]
********************
conv2d_10 -38
(1, 4, 4, 1024)
[  7.659872  -10.294628  -35.88351   -18.424067  -50.743874  -14.553018
 -10.185122   66.69085   -23.196114  -36.90013    27.903532   15.918174
  -7.378081  -16.819082   36.53563    -9.966076    5.966616    3.7399397
  13.017745   34.301846    8.611993    4.8702645  55.871613   30.406149
 -26.231184  -10.028203    5.348344   -2.9836168  -5.88675    -5.138005 ]
[-1.8593615e+01 -2.7064566e+01  1.8527758e+01  1.4244492e+01
 -3.4476659e+00 -9.5976419e+00 -1.4918772e+01  1.8879873e+01
 -7.1330327e-01 -6.2678905e+00  2.1575277e+01 -6.5441318e+00
 -5.8113688e-01  1.4690921e+01  1.6470933e+00  1.8268890e+01
 -3.1750503e+00 -4.9456339e+00  6.0769668e+00 -7.1938591e+00
  4.0418254e-03  6.8345952e+00  6.8326507e+00  5.5382359e-01
 -1.2785840e+00  1.8975332e+01 -1.1569621e+01  7.1905875e+00
  6.3935370e+00  2.1027546e+01]
********************
up_sampling2d_2 -39
(1, 4, 4, 1024)
[  3.880684   0.         0.        78.50052    0.         0.
 103.589584   0.         0.         0.         0.        84.74498
  40.67873    0.        41.649513   0.        17.01224    0.
   0.       103.083084   0.         0.         0.         0.
   0.         0.         0.        74.19242   65.34134   49.00192 ]
[  0.           0.          36.142094     0.           0.25078675
  55.625732    12.522295     0.         132.48141      0.
  64.585686     0.          44.667374     0.         130.85612
  60.753986     0.           0.           0.         146.3811
   0.           0.           0.           0.           0.
  63.869743     4.1136584   49.816303     6.179574    51.42702   ]
********************
activation_1 -40
(1, 2, 2, 1024)
[  3.880684   0.         0.        78.50052    0.         0.
 103.589584   0.         0.         0.         0.        84.74498
  40.67873    0.        41.649513   0.        17.01224    0.
   0.       103.083084   0.         0.         0.         0.
   0.         0.         0.        74.19242   65.34134   49.00192 ]
[  0.           0.          36.142094     0.           0.25078675
  55.625732    12.522295     0.         132.48141      0.
  64.585686     0.          44.667374     0.         130.85612
  60.753986     0.           0.           0.         146.3811
   0.           0.           0.           0.           0.
  63.869743     4.1136584   49.816303     6.179574    51.42702   ]
********************
concatenate_1 -41
(1, 2, 2, 1024)
[   3.880684  -132.84512    -52.632824    78.50052    -25.929018
  -13.876453   103.589584    -2.50702    -49.35729    -40.08292
  -42.000557    84.74498     40.67873    -30.372704    41.649513
  -54.43448     17.01224    -41.057255   -74.86435    103.083084
   -5.1667113  -29.822973   -59.94287    -44.707794   -57.5003
  -20.287523   -10.809306    74.19242     65.34134     49.00192  ]
[ -46.183964   -163.37286      36.142094    -39.00648       0.25078675
   55.625732     12.522295    -61.923267    132.48141     -13.027987
   64.585686   -106.766045     44.667374    -30.129208    130.85612
   60.753986    -31.529293   -123.51848     -32.60156     146.3811
  -25.542734     -9.335649     -0.7216361   -79.78597     -10.503015
   63.869743      4.1136584    49.816303      6.179574     51.42702   ]
********************
dropout_1 -42
(1, 2, 2, 512)
[   3.880684  -132.84512    -52.632824    78.50052    -25.929018
  -13.876453   103.589584    -2.50702    -49.35729    -40.08292
  -42.000557    84.74498     40.67873    -30.372704    41.649513
  -54.43448     17.01224    -41.057255   -74.86435    103.083084
   -5.1667113  -29.822973   -59.94287    -44.707794   -57.5003
  -20.287523   -10.809306    74.19242     65.34134     49.00192  ]
[ -46.183964   -163.37286      36.142094    -39.00648       0.25078675
   55.625732     12.522295    -61.923267    132.48141     -13.027987
   64.585686   -106.766045     44.667374    -30.129208    130.85612
   60.753986    -31.529293   -123.51848     -32.60156     146.3811
  -25.542734     -9.335649     -0.7216361   -79.78597     -10.503015
   63.869743      4.1136584    49.816303      6.179574     51.42702   ]
********************
gen_de_bn_1 -43
(1, 2, 2, 512)
[   3.880684  -132.84512    -52.632824    78.50052    -25.929018
  -13.876453   103.589584    -2.50702    -49.35729    -40.08292
  -42.000557    84.74498     40.67873    -30.372704    41.649513
  -54.43448     17.01224    -41.057255   -74.86435    103.083084
   -5.1667113  -29.822973   -59.94287    -44.707794   -57.5003
  -20.287523   -10.809306    74.19242     65.34134     49.00192  ]
[ -46.183964   -163.37286      36.142094    -39.00648       0.25078675
   55.625732     12.522295    -61.923267    132.48141     -13.027987
   64.585686   -106.766045     44.667374    -30.129208    130.85612
   60.753986    -31.529293   -123.51848     -32.60156     146.3811
  -25.542734     -9.335649     -0.7216361   -79.78597     -10.503015
   63.869743      4.1136584    49.816303      6.179574     51.42702   ]
********************
conv2d_9 -44
(1, 2, 2, 512)
[ 0.122718   -4.2009315  -1.664396    2.4824045  -0.81994754 -0.438812
  3.2757905  -0.07927894 -1.5608145  -1.2675333  -1.3281742   2.6798716
  1.2863744  -0.96046925  1.3170732  -1.7213694   0.53797424 -1.2983444
 -2.3674185   3.2597735  -0.16338576 -0.94308525 -1.89556    -1.4137846
 -1.8183192  -0.6415478  -0.34182027  2.3461704   2.0662746   1.5495768 ]
[-1.4604652  -5.1663036   1.1429133  -1.2334932   0.00793057  1.7590401
  0.39598975 -1.9581857   4.18943    -0.4119811   2.0423787  -3.3762388
  1.4125065  -0.9527692   4.138034    1.9212098  -0.9970438  -3.9059973
 -1.0309519   4.628977   -0.80773216 -0.29521912 -0.02282014 -2.5230541
 -0.3321345   2.0197387   0.1300853   1.5753299   0.19541529  1.6262652 ]
********************
up_sampling2d_1 -45
(1, 2, 2, 512)
[-0.5717699   2.65756    -0.5902264   1.556621    1.7320393   3.4308944
  6.710443    2.599905    5.5652223  -0.1139946   4.1635923  -1.0046519
 -0.21270756  2.3119555  -1.4694443  -1.3367008   5.1688013   5.511294
  3.629508   -0.47057915 -1.3398904  -0.38311633 -0.36162886 -1.4687294
  9.598406   -0.07742619 -0.4728635   5.3473115  -0.2144486   7.0237613 ]
[-0.5717699   2.65756    -0.5902264   1.556621    1.7320393   3.4308944
  6.710443    2.599905    5.5652223  -0.1139946   4.1635923  -1.0046519
 -0.21270756  2.3119555  -1.4694443  -1.3367008   5.1688013   5.511294
  3.629508   -0.47057915 -1.3398904  -0.38311633 -0.36162886 -1.4687294
  9.598406   -0.07742619 -0.4728635   5.3473115  -0.2144486   7.0237613 ]
********************
leaky_re_lu_8 -46
(1, 1, 1, 512)
[-0.5717699   2.65756    -0.5902264   1.556621    1.7320393   3.4308944
  6.710443    2.599905    5.5652223  -0.1139946   4.1635923  -1.0046519
 -0.21270756  2.3119555  -1.4694443  -1.3367008   5.1688013   5.511294
  3.629508   -0.47057915 -1.3398904  -0.38311633 -0.36162886 -1.4687294
  9.598406   -0.07742619 -0.4728635   5.3473115  -0.2144486   7.0237613 ]
[-0.5717699   2.65756    -0.5902264   1.556621    1.7320393   3.4308944
  6.710443    2.599905    5.5652223  -0.1139946   4.1635923  -1.0046519
 -0.21270756  2.3119555  -1.4694443  -1.3367008   5.1688013   5.511294
  3.629508   -0.47057915 -1.3398904  -0.38311633 -0.36162886 -1.4687294
  9.598406   -0.07742619 -0.4728635   5.3473115  -0.2144486   7.0237613 ]
********************
gen_en_bn_8 -47
(1, 1, 1, 512)
[-2.8588493   2.65756    -2.951132    1.556621    1.7320393   3.4308944
  6.710443    2.599905    5.5652223  -0.569973    4.1635923  -5.023259
 -1.0635378   2.3119555  -7.3472214  -6.683504    5.1688013   5.511294
  3.629508   -2.3528957  -6.6994514  -1.9155817  -1.8081443  -7.343647
  9.598406   -0.38713092 -2.3643174   5.3473115  -1.072243    7.0237613 ]
[-2.8588493   2.65756    -2.951132    1.556621    1.7320393   3.4308944
  6.710443    2.599905    5.5652223  -0.569973    4.1635923  -5.023259
 -1.0635378   2.3119555  -7.3472214  -6.683504    5.1688013   5.511294
  3.629508   -2.3528957  -6.6994514  -1.9155817  -1.8081443  -7.343647
  9.598406   -0.38713092 -2.3643174   5.3473115  -1.072243    7.0237613 ]
********************
conv2d_8 -48
(1, 1, 1, 512)
[ 0.04798713 -0.06129494  0.08093363 -0.00877453  0.09320484 -0.05631449
 -0.03686044 -0.19776332 -0.18472813 -0.15631565  0.0400524  -0.00542697
  0.02648456 -0.09887567  0.09353247  0.03864104  0.00285869 -0.14315362
 -0.03655241  0.12883992  0.2530466  -0.04365033  0.00873411  0.08470921
  0.01991017  0.0034403  -0.15238175 -0.08655042 -0.15580554 -0.21951461]
[ 0.04798713 -0.06129494  0.08093363 -0.00877453  0.09320484 -0.05631449
 -0.03686044 -0.19776332 -0.18472813 -0.15631565  0.0400524  -0.00542697
  0.02648456 -0.09887567  0.09353247  0.03864104  0.00285869 -0.14315362
 -0.03655241  0.12883992  0.2530466  -0.04365033  0.00873411  0.08470921
  0.01991017  0.0034403  -0.15238175 -0.08655042 -0.15580554 -0.21951461]
********************
leaky_re_lu_7 -49
(1, 2, 2, 512)
[ 0.69808245  0.10068794  0.42553398  0.77929264 -0.0111422   0.11693141
 -0.09553534 -0.02836159  0.11889233 -0.05692245  0.09027791  0.29883784
 -0.00451481  0.04123188 -0.10154071 -0.06464124 -0.03472454  0.06566699
  0.1530514   0.76441723  0.29280102  0.01250068 -0.11312988  0.01607918
 -0.02279915  0.67542785 -0.02790864 -0.1251779  -0.00954288 -0.02975621]
[-0.02538187 -0.11240094  0.05811293 -0.12239096 -0.02875159  0.5663538
 -0.01882897 -0.03816428 -0.00892727  0.04870576 -0.03415732 -0.04247464
 -0.12067627  0.5264124  -0.01575259 -0.03162524  0.18888468 -0.04864746
 -0.11602848  0.16402666  0.21284124  0.11488999 -0.05419832 -0.04298493
 -0.06437793 -0.08741081 -0.00364858 -0.01335225 -0.045725   -0.00694725]
********************
gen_en_bn_7 -50
(1, 2, 2, 512)
[ 0.69808245  0.10068794  0.42553398  0.77929264 -0.05571099  0.11693141
 -0.4776767  -0.14180796  0.11889233 -0.28461224  0.09027791  0.29883784
 -0.02257407  0.04123188 -0.50770354 -0.32320622 -0.1736227   0.06566699
  0.1530514   0.76441723  0.29280102  0.01250068 -0.5656494   0.01607918
 -0.11399575  0.67542785 -0.13954322 -0.6258895  -0.04771439 -0.14878106]
[-0.12690935 -0.5620047   0.05811293 -0.6119548  -0.14375797  0.5663538
 -0.09414487 -0.19082138 -0.04463635  0.04870576 -0.17078662 -0.2123732
 -0.60338134  0.5264124  -0.07876295 -0.15812622  0.18888468 -0.2432373
 -0.5801424   0.16402666  0.21284124  0.11488999 -0.27099162 -0.21492463
 -0.32188967 -0.43705404 -0.01824291 -0.06676127 -0.22862501 -0.03473625]
********************
conv2d_7 -51
(1, 2, 2, 512)
[ 1.4155791   0.60885113  1.016106    3.011031    0.07872806  0.56576765
 -1.1059035   0.26094908  0.8255007  -0.29619145  0.35249272  1.0693858
  0.4901146   0.08712043 -1.4564834  -0.8769577  -0.96978855  0.5450329
  0.4475474   1.4797741   0.7439806   0.16944227 -1.2368295  -0.10890176
 -0.35484913  1.9491489  -0.45446175 -2.039159    0.32755408  0.92938244]
[-0.5032623  -1.0920339   0.03901684 -1.3784735  -0.19488946  1.6440223
 -0.29502645  0.14041527  0.42017984  0.47138754 -0.40808958 -0.27309436
 -0.95886976  1.2259796  -0.41857743 -0.49112397 -0.05386055 -0.38483855
 -1.2506194   0.06546973  0.53254604  0.4102391  -0.49327412 -0.78779453
 -0.83581674 -1.3728379  -0.16706881 -0.5274496  -0.18759622  1.2260591 ]
********************
leaky_re_lu_6 -52
(1, 4, 4, 512)
[ 0.42226082  0.3336038   0.993364   -0.01337681  0.4117374   0.43349004
  0.5702139   0.03763889  0.16315769  1.3216467   0.06805758 -0.03010356
 -0.01167965  0.45399946 -0.16865495  0.17359269  0.52258235  1.6378217
 -0.03763608 -0.10605836 -0.10757505  1.3081512   0.8931813  -0.0264725
 -0.02625739 -0.00506094  1.3151716   0.6173706  -0.02328634  1.0627453 ]
[ 0.11069512 -0.0928941  -0.03231139 -0.10621502 -0.05800507  0.11166155
 -0.09010725  0.27627364  0.08858541  0.24404398 -0.08293124  0.14276165
 -0.07505014 -0.04933218  0.48906687 -0.0574999   0.36102787  0.27768725
  0.1468267   0.53091925 -0.15525909  0.83138865 -0.20379138  1.1575632
 -0.15156436  0.04737672 -0.1608645   0.43929482  0.9251399   0.5536797 ]
********************
gen_en_bn_6 -53
(1, 4, 4, 512)
[ 0.42226082  0.3336038   0.993364   -0.06688403  0.4117374   0.43349004
  0.5702139   0.03763889  0.16315769  1.3216467   0.06805758 -0.15051782
 -0.05839825  0.45399946 -0.8432747   0.17359269  0.52258235  1.6378217
 -0.18818042 -0.5302918  -0.53787524  1.3081512   0.8931813  -0.13236251
 -0.13128695 -0.0253047   1.3151716   0.6173706  -0.11643171  1.0627453 ]
[ 0.11069512 -0.4644705  -0.16155696 -0.53107506 -0.29002535  0.11166155
 -0.45053628  0.27627364  0.08858541  0.24404398 -0.41465616  0.14276165
 -0.3752507  -0.24666087  0.48906687 -0.28749952  0.36102787  0.27768725
  0.1468267   0.53091925 -0.7762954   0.83138865 -1.0189569   1.1575632
 -0.7578218   0.04737672 -0.8043225   0.43929482  0.9251399   0.5536797 ]
********************
conv2d_6 -54
(1, 4, 4, 512)
[-0.41443187  0.24616916  1.2492348  -0.3597375  -0.47334936  1.1546637
  1.7965684   0.1107182   0.41741753  1.7579322  -0.22219719 -1.1115507
 -1.0265672   0.5245601  -2.0176406   0.82882595 -0.12863834  1.5775118
 -0.8823635  -1.6767452  -0.47855476  1.3812127   1.8870262  -0.72701025
 -0.4707129  -0.5469964   2.010494    0.8033872  -0.90475935  0.8974239 ]
[-0.9956852  -0.96744925 -0.7625991  -1.0939094  -1.6169511   0.6114596
  0.0790076   0.47337285  0.2837941   0.10630544 -1.0214403  -0.61930996
 -1.565096   -0.6022621   0.15881845  0.06378624 -0.3895867  -0.56562126
 -0.3370359   0.02854358 -0.8516035   0.5135886  -1.616181    1.405214
 -1.5301545  -0.4338661  -1.5554326   0.5044275   0.74484557  0.0780536 ]
********************
leaky_re_lu_5 -55
(1, 8, 8, 512)
[ 0.09119004  0.01616287  0.8713038   1.1733711   0.28493923 -0.05529392
  1.0583271  -0.05063782  0.23604105  0.7631508   0.79344773 -0.00980491
  0.8662773   0.24448359  0.12220216  0.29829204  0.33495036 -0.04592363
  1.3688245  -0.02182691  0.33885497  0.23832044  0.09352301 -0.0738197
 -0.0693945   0.85847664 -0.08648701  0.9052426  -0.01515197  0.01245746]
[-0.03391252 -0.05907943 -0.08772581  0.02601576  0.39206645 -0.21774958
 -0.0691788  -0.00808787  0.20937166  0.39323688  0.3277311   0.03262791
  0.31581575  0.46632776  0.33822158 -0.05163595 -0.0916924  -0.1874889
  1.5261981  -0.0818609   0.42776638 -0.05533667 -0.03407302  0.91378313
  1.0725869  -0.0855688  -0.2238582   0.5944049  -0.01530876 -0.04357906]
********************
gen_en_bn_5 -56
(1, 8, 8, 512)
[ 0.09119004  0.01616287  0.8713038   1.1733711   0.28493923 -0.2764696
  1.0583271  -0.25318912  0.23604105  0.7631508   0.79344773 -0.04902455
  0.8662773   0.24448359  0.12220216  0.29829204  0.33495036 -0.22961816
  1.3688245  -0.10913455  0.33885497  0.23832044  0.09352301 -0.36909848
 -0.3469725   0.85847664 -0.43243504  0.9052426  -0.07575986  0.01245746]
[-0.16956262 -0.29539716 -0.43862903  0.02601576  0.39206645 -1.0887479
 -0.34589398 -0.04043934  0.20937166  0.39323688  0.3277311   0.03262791
  0.31581575  0.46632776  0.33822158 -0.25817975 -0.458462   -0.93744445
  1.5261981  -0.4093045   0.42776638 -0.27668333 -0.1703651   0.91378313
  1.0725869  -0.427844   -1.119291    0.5944049  -0.07654381 -0.2178953 ]
********************
conv2d_5 -57
(1, 8, 8, 512)
[ 0.6104664  -1.0856017   0.24063377  1.4236255  -0.647914   -0.60670954
 -0.14792837 -0.9003123   0.13899149  0.862507    0.27306008  0.17113853
  1.0189779  -0.41386372 -0.2315769   1.4133451   1.0581018  -0.72286105
  1.1199002  -0.8486502   0.5650245   0.08731291 -0.0502637  -0.62929183
 -1.0898783   1.2559378  -0.21706069  0.08743623 -0.48329267 -0.7092312 ]
[ 0.22650501 -1.6159538  -1.697247   -0.0860026  -0.5000975  -1.8348844
 -2.27999    -0.612885    0.09805571  0.322159   -0.44001803  0.2856183
  0.13608085 -0.08829062  0.08240029  0.4315577  -0.03930383 -1.8351973
  1.3639158  -1.2322433   0.6911491  -0.69758064 -0.44846678  1.2834483
  1.0499538  -0.7659396  -1.3266025  -0.35668597 -0.48441604 -1.0660931 ]
********************
leaky_re_lu_4 -58
(1, 16, 16, 512)
[ 0.22281322  0.43084338  0.00814719  1.1704756   0.00379486  0.321536
  0.41952503  0.16065705 -0.00822071  0.86918575 -0.0323786   0.25902
  0.23769796  0.9593032  -0.05744868  0.44838965  0.01526024  0.29873958
  0.8872028   0.4736068   0.6796584   0.5690761   0.3047592   0.5589027
  0.52506185  0.5828382   0.5005285  -0.10092629  0.15665647  0.22315177]
[ 0.2521902  -0.1466697  -0.04570424  0.04435711  0.7311456   0.6077761
  0.14286947 -0.01762985  0.7970905   0.58481383  0.872007   -0.10182483
  0.16994342  0.7638553   0.02168396  0.3432389  -0.09288466 -0.0118724
 -0.1252449  -0.12182199  0.12459391  0.2824994   0.02888343  0.57086384
  0.84735954  0.4250265   0.71727043  0.26077437  0.24282917 -0.02457138]
********************
gen_en_bn_4 -59
(1, 16, 16, 512)
[ 0.22281322  0.43084338  0.00814719  1.1704756   0.00379486  0.321536
  0.41952503  0.16065705 -0.04110356  0.86918575 -0.16189301  0.25902
  0.23769796  0.9593032  -0.2872434   0.44838965  0.01526024  0.29873958
  0.8872028   0.4736068   0.6796584   0.5690761   0.3047592   0.5589027
  0.52506185  0.5828382   0.5005285  -0.50463146  0.15665647  0.22315177]
[ 0.2521902  -0.7333485  -0.2285212   0.04435711  0.7311456   0.6077761
  0.14286947 -0.08814925  0.7970905   0.58481383  0.872007   -0.50912416
  0.16994342  0.7638553   0.02168396  0.3432389  -0.4644233  -0.05936199
 -0.6262245  -0.60910994  0.12459391  0.2824994   0.02888343  0.57086384
  0.84735954  0.4250265   0.71727043  0.26077437  0.24282917 -0.1228569 ]
********************
conv2d_4 -60
(1, 16, 16, 512)
[ 0.30114806  0.16614336  0.08558968  0.9924042  -0.2465608   0.06135006
  0.33027485 -0.7031631   0.0120165   0.5585427  -0.21636152  0.32316187
 -0.31865248  0.7064452  -0.8004064  -0.7029856   0.09815118 -0.41029915
  0.00317728  0.43191934  0.5333332   0.3253673  -0.19412342  0.03790638
 -0.4928241   0.08903179  0.30354118 -0.13552919 -0.42987737 -0.02369905]
[ 0.32569027 -1.0048461  -0.1583184  -0.15039857  0.50397867  0.32187915
  0.07015415 -0.94694793  0.86838424  0.270016    0.8087496  -0.46799996
 -0.38666958  0.5203145  -0.48287588 -0.81828964 -0.39797342 -0.7948319
 -1.4802185  -0.6111684  -0.00598898  0.05643797 -0.47981128  0.05037447
 -0.14755717 -0.04804832  0.5101447   0.616444   -0.3529975  -0.37535915]
********************
leaky_re_lu_3 -61
(1, 32, 32, 256)
[-0.02611621  0.5648472   0.3119572  -0.03798246  0.02903837  0.83552676
 -0.04553702  0.26768297 -0.06831719  0.31800178  0.27365386  0.5525917
  0.4253552   0.24431795 -0.01947975  0.7847968   1.0670564  -0.14482458
 -0.04656695  0.6302425  -0.07216741  0.1571252   0.1359641  -0.05603744
  0.02719527  0.6454597   0.20441824 -0.10583665  0.49434292 -0.06376985]
[ 0.07482833 -0.04373235  1.1283199   0.53130615 -0.01130983  0.22552878
  0.85815847 -0.06370985 -0.09135451  0.4477879  -0.11532474 -0.10412925
  0.31224787  0.06022154 -0.04087628  0.1363166  -0.04614058  0.83461994
  0.13103485  0.21530381  0.05237085 -0.09049698  0.30461267  0.8054063
  0.97644895  0.5384162   0.7647019   0.1771954   0.74208736  0.32113284]
********************
gen_en_bn_3 -62
(1, 32, 32, 256)
[-0.13058102  0.5648472   0.3119572  -0.18991229  0.02903837  0.83552676
 -0.2276851   0.26768297 -0.34158593  0.31800178  0.27365386  0.5525917
  0.4253552   0.24431795 -0.09739876  0.7847968   1.0670564  -0.7241229
 -0.23283474  0.6302425  -0.36083704  0.1571252   0.1359641  -0.28018722
  0.02719527  0.6454597   0.20441824 -0.52918327  0.49434292 -0.31884924]
[ 0.07482833 -0.21866173  1.1283199   0.53130615 -0.05654917  0.22552878
  0.85815847 -0.31854922 -0.45677257  0.4477879  -0.5766237  -0.5206463
  0.31224787  0.06022154 -0.2043814   0.1363166  -0.23070288  0.83461994
  0.13103485  0.21530381  0.05237085 -0.45248488  0.30461267  0.8054063
  0.97644895  0.5384162   0.7647019   0.1771954   0.74208736  0.32113284]
********************
conv2d_3 -63
(1, 32, 32, 256)
[-0.13474087  0.44584876 -0.00111231 -0.1620766   0.08061567  0.02530313
 -0.6569923  -0.13122368 -0.349408    0.1939007  -0.46007887  0.4032467
  0.04869777  0.22710998 -0.43308204 -0.13169645  0.1897994  -0.32211423
  0.00685215  0.07635317  0.07862633  0.14398089 -0.2926432  -0.04626239
  0.30056658  0.11543923 -0.28860852 -0.6169626   0.08811484  0.12472887]
[-0.0551567   0.11264639  0.44281095  0.16932343  0.03496988 -0.21936834
 -0.14996238 -0.37897816 -0.3925572   0.24973144 -0.9538684  -0.1025465
 -0.01015701  0.12394384 -0.47986662 -0.38967046 -0.29296184  0.31994683
  0.16279513 -0.12971465  0.26447824 -0.12610792 -0.21863838  0.41519815
  0.82237256  0.06531347 -0.04420012 -0.21605602  0.1957698   0.35467386]
********************
leaky_re_lu_2 -64
(1, 64, 64, 64)
[ 0.07437184  0.27718934  0.71143126  0.61150444 -0.08546221  0.29898813
  0.53039694 -0.32554236  0.2623307   0.11405946  0.56836146 -0.15095417
  0.2793032  -0.2906838   1.0273718  -0.20865236 -0.05879189 -0.00738424
 -0.11831706  1.0655713   0.1861502  -0.167444    0.801843    0.4156314
 -0.04217434  0.66193646  0.19545746  0.67127585 -0.26272604  0.5885972 ]
[ 1.8530339e-03 -3.2637257e-02  8.1229651e-01  3.6298087e-01
 -3.5497285e-02 -3.6879124e-03 -3.3375177e-01  6.2101567e-01
 -1.3266444e-03  1.0917394e+00 -3.2349303e-01 -2.3856059e-02
 -3.7354192e-01  8.3941537e-01  8.4352911e-01 -1.5234762e-01
  1.8913873e-01 -6.2598035e-02  7.1848893e-01 -7.4372768e-02
  9.1895878e-01  3.0813164e-01  1.3956385e+00 -8.3062835e-02
  1.1029425e+00 -1.3977909e-01  1.0256610e+00  8.2138479e-01
  2.3431354e+00 -5.6326486e-02]
********************
gen_en_bn_2 -65
(1, 64, 64, 64)
[ 0.07437184  0.27718934  0.71143126  0.61150444 -0.427311    0.29898813
  0.53039694 -1.6277118   0.2623307   0.11405946  0.56836146 -0.7547708
  0.2793032  -1.453419    1.0273718  -1.0432618  -0.29395947 -0.0369212
 -0.5915853   1.0655713   0.1861502  -0.83722     0.801843    0.4156314
 -0.2108717   0.66193646  0.19545746  0.67127585 -1.3136301   0.5885972 ]
[ 1.8530339e-03 -1.6318628e-01  8.1229651e-01  3.6298087e-01
 -1.7748642e-01 -1.8439561e-02 -1.6687587e+00  6.2101567e-01
 -6.6332221e-03  1.0917394e+00 -1.6174651e+00 -1.1928029e-01
 -1.8677095e+00  8.3941537e-01  8.4352911e-01 -7.6173812e-01
  1.8913873e-01 -3.1299016e-01  7.1848893e-01 -3.7186384e-01
  9.1895878e-01  3.0813164e-01  1.3956385e+00 -4.1531417e-01
  1.1029425e+00 -6.9889545e-01  1.0256610e+00  8.2138479e-01
  2.3431354e+00 -2.8163242e-01]
********************
conv2d_2 -66
(1, 64, 64, 64)
[-0.02282953 -0.00056557 -0.07301629  0.19624609 -0.0788579   0.12032305
  0.02080111 -0.10550421 -0.05736523 -0.00497594  0.05427441 -0.05711748
 -0.00450142 -0.08542992  0.01865688 -0.00537595 -0.04726255 -0.01138528
 -0.07785495  0.12298386  0.18505962 -0.06186624  0.07625314  0.02243411
 -0.12169156 -0.004046   -0.01042267 -0.11313483 -0.06548477  0.03291899]
[-0.03254655 -0.03391442 -0.06347618  0.15071455 -0.05965547  0.07053806
 -0.16746554  0.04477146 -0.08126249  0.10216885 -0.18879542 -0.00225283
 -0.20157401  0.09371667  0.00360756  0.01526725  0.01317774 -0.03556376
  0.12268499  0.00659797  0.31975937  0.02663067  0.13546199 -0.05483663
 -0.01198397 -0.12038811  0.05925985 -0.10108529  0.2066066  -0.03341226]
********************
leaky_re_lu_1 -67
(1, 128, 128, 64)
[-0.01759655 -0.01276837  0.03480833  0.13904554 -0.04505289 -0.02598226
 -0.02380564  0.12751947 -0.04131945 -0.00730402 -0.01135365 -0.01922107
 -0.00034015 -0.00561887 -0.00275595 -0.0177897  -0.02036593  0.03709342
 -0.07191736 -0.01591711 -0.00537286 -0.01969296 -0.02699046  0.00317779
  0.25264114  0.01652613 -0.00040689 -0.01943238 -0.02967129  0.05359785]
[-0.11750851 -0.00149949  0.05220153 -0.0379808  -0.03144493  0.02318504
 -0.03633489  0.07876327  0.33394277  0.02733953 -0.02670937  0.06511555
  0.2727327   0.23279907 -0.00534346 -0.00122183  0.26968566  0.109628
 -0.06719577  0.09362465 -0.0050925  -0.01176871 -0.046126    0.0526607
  0.01157915 -0.00940421  0.04991506 -0.01103858 -0.0416089  -0.04725625]
********************
conv2d_1 -68
(1, 128, 128, 64)
[-0.08798273 -0.06384186  0.03480833  0.13904554 -0.22526446 -0.12991129
 -0.11902821  0.12751947 -0.20659724 -0.03652011 -0.05676825 -0.09610534
 -0.00170076 -0.02809434 -0.01377977 -0.08894852 -0.10182966  0.03709342
 -0.35958678 -0.07958556 -0.02686429 -0.09846478 -0.13495232  0.00317779
  0.25264114  0.01652613 -0.00203447 -0.09716187 -0.14835645  0.05359785]
[-0.58754253 -0.00749747  0.05220153 -0.189904   -0.15722466  0.02318504
 -0.18167444  0.07876327  0.33394277  0.02733953 -0.13354686  0.06511555
  0.2727327   0.23279907 -0.02671728 -0.00610913  0.26968566  0.109628
 -0.3359788   0.09362465 -0.02546249 -0.05884352 -0.23062998  0.0526607
  0.01157915 -0.04702104  0.04991506 -0.05519292 -0.2080445  -0.23628123]
********************
